<?xml version="1.0" encoding="UTF-8"?>
<testng-results ignored="0" total="1" passed="1" failed="0" skipped="0">
  <reporter-output>
  </reporter-output>
  <suite started-at="2025-01-11T16:05:46 IST" name="Default suite" finished-at="2025-01-11T16:05:47 IST" duration-ms="145">
    <groups>
    </groups>
    <test started-at="2025-01-11T16:05:46 IST" name="Default test" finished-at="2025-01-11T16:05:47 IST" duration-ms="145">
      <class name="advanced.JavaStreamsDemo">
        <test-method signature="streamCollect()[pri:0, instance:advanced.JavaStreamsDemo@20140db9]" started-at="2025-01-11T16:05:47 IST" name="streamCollect" finished-at="2025-01-11T16:05:47 IST" duration-ms="32" status="PASS">
          <reporter-output>
          </reporter-output>
        </test-method> <!-- streamCollect -->
      </class> <!-- advanced.JavaStreamsDemo -->
    </test> <!-- Default test -->
  </suite> <!-- Default suite -->
</testng-results>
