<?xml version="1.0" encoding="UTF-8"?>
<testng-results ignored="0" total="1" passed="1" failed="0" skipped="0">
  <reporter-output>
  </reporter-output>
  <suite started-at="2025-01-10T17:02:31 IST" name="Default suite" finished-at="2025-01-10T17:02:31 IST" duration-ms="81">
    <groups>
    </groups>
    <test started-at="2025-01-10T17:02:31 IST" name="Default test" finished-at="2025-01-10T17:02:31 IST" duration-ms="81">
      <class name="advanced.SortWebTables">
        <test-method signature="streamCollect()[pri:0, instance:advanced.SortWebTables@20140db9]" started-at="2025-01-10T17:02:31 IST" name="streamCollect" finished-at="2025-01-10T17:02:31 IST" duration-ms="18" status="PASS">
          <reporter-output>
          </reporter-output>
        </test-method> <!-- streamCollect -->
      </class> <!-- advanced.SortWebTables -->
    </test> <!-- Default test -->
  </suite> <!-- Default suite -->
</testng-results>
